{"name": "Test 04 - Filtering Users", "status": "broken", "statusDetails": {"message": "selenium.common.exceptions.TimeoutException: Message: \nStacktrace:\n\tGetHandleVerifier [0x0xf1ba83+63395]\n\tGetHandleVerifier [0x0xf1bac4+63460]\n\t(No symbol) [0x0xd62113]\n\t(No symbol) [0x0xdaa85e]\n\t(No symbol) [0x0xdaabfb]\n\t(No symbol) [0x0xdf2f92]\n\t(No symbol) [0x0xdcf3f4]\n\t(No symbol) [0x0xdf07ba]\n\t(No symbol) [0x0xdcf1a6]\n\t(No symbol) [0x0xd9e7b2]\n\t(No symbol) [0x0xd9f654]\n\tGetHandleVerifier [0x0x1198883+2672035]\n\tGetHandleVerifier [0x0x1193cba+2652634]\n\tGetHandleVerifier [0x0xf42bca+223466]\n\tGetHandleVerifier [0x0xf32cb8+158168]\n\tGetHandleVerifier [0x0xf3978d+185517]\n\tGetHandleVerifier [0x0xf23b78+96408]\n\tGetHandleVerifier [0x0xf23d02+96802]\n\tGetHandleVerifier [0x0xf0e90a+9770]\n\tBaseThreadInitThunk [0x0x76b9fcc9+25]\n\tRtlGetAppContainerNamedObjectPath [0x0x773f82ae+286]\n\tRtlGetAppContainerNamedObjectPath [0x0x773f827e+238]", "trace": "self = <test_cases.test_web.Test_Web object at 0x000002DA42904D10>, search_value = 'kuku', expected_users = '1'\n\n    @allure.title(\"Test 04 - Filtering Users\")\n    @allure.description(\"this test filters users\")\n    @pytest.mark.parametrize(\"search_value,expected_users\",web_flows.testdata)\n    def test_csv(self,search_value,expected_users):\n        WebFlows.open_side_menu()\n        WebFlows.page_open_users()\n        WebFlows.search_user(search_value)\n        time.sleep(2)\n>       WebFlows.verify_number_of_users(int(expected_users))\n\ntest_web.py:47: \n_ _ _ _ _ _ _ _ _ _ _ _ _ _ _ _ _ _ _ _ _ _ _ _ _ _ _ _ _ _ _ _ _ _ _ _ _ _ _ _ _ _ _ _ _ _ _ _ _ _ _ _ _ _ _ _ _ _ _ _ _ _ _ _ _ _ _ _ _ _ _ _ _ _ _ _ \n..\\workflows\\web_flows.py:145: in verify_number_of_users\n    wait(For.ELEMENT_DISPLAYED, page_objects.web_objects.users_page.users_list)\n..\\utilities\\common_ops.py:20: in wait\n    WebDriverWait(conf.driver, int(get_data(\"WaitTime\"))).until(EC.presence_of_element_located((elem[0], elem[1])))\n_ _ _ _ _ _ _ _ _ _ _ _ _ _ _ _ _ _ _ _ _ _ _ _ _ _ _ _ _ _ _ _ _ _ _ _ _ _ _ _ _ _ _ _ _ _ _ _ _ _ _ _ _ _ _ _ _ _ _ _ _ _ _ _ _ _ _ _ _ _ _ _ _ _ _ _ \n\nself = <selenium.webdriver.support.wait.WebDriverWait (session=\"0aec39310dd404ff7d84f9f953231867\")>\nmethod = <function presence_of_element_located.<locals>._predicate at 0x000002DA42957EC0>, message = ''\n\n    def until(self, method: Callable[[D], Union[Literal[False], T]], message: str = \"\") -> T:\n        \"\"\"Wait until the method returns a value that is not False.\n    \n        Calls the method provided with the driver as an argument until the\n        return value does not evaluate to ``False``.\n    \n        Parameters:\n        -----------\n        method: callable(WebDriver)\n            - A callable object that takes a WebDriver instance as an argument.\n    \n        message: str\n            - Optional message for :exc:`TimeoutException`\n    \n        Return:\n        -------\n        object: T\n            - The result of the last call to `method`\n    \n        Raises:\n        -------\n        TimeoutException\n            - If 'method' does not return a truthy value within the WebDriverWait\n            object's timeout\n    \n        Example:\n        --------\n        >>> from selenium.webdriver.common.by import By\n        >>> from selenium.webdriver.support.ui import WebDriverWait\n        >>> from selenium.webdriver.support import expected_conditions as EC\n    \n        # Wait until an element is visible on the page\n        >>> wait = WebDriverWait(driver, 10)\n        >>> element = wait.until(EC.visibility_of_element_located((By.ID, \"exampleId\")))\n        >>> print(element.text)\n        \"\"\"\n        screen = None\n        stacktrace = None\n    \n        end_time = time.monotonic() + self._timeout\n        while True:\n            try:\n                value = method(self._driver)\n                if value:\n                    return value\n            except self._ignored_exceptions as exc:\n                screen = getattr(exc, \"screen\", None)\n                stacktrace = getattr(exc, \"stacktrace\", None)\n            if time.monotonic() > end_time:\n                break\n            time.sleep(self._poll)\n>       raise TimeoutException(message, screen, stacktrace)\nE       selenium.common.exceptions.TimeoutException: Message: \nE       Stacktrace:\nE       \tGetHandleVerifier [0x0xf1ba83+63395]\nE       \tGetHandleVerifier [0x0xf1bac4+63460]\nE       \t(No symbol) [0x0xd62113]\nE       \t(No symbol) [0x0xdaa85e]\nE       \t(No symbol) [0x0xdaabfb]\nE       \t(No symbol) [0x0xdf2f92]\nE       \t(No symbol) [0x0xdcf3f4]\nE       \t(No symbol) [0x0xdf07ba]\nE       \t(No symbol) [0x0xdcf1a6]\nE       \t(No symbol) [0x0xd9e7b2]\nE       \t(No symbol) [0x0xd9f654]\nE       \tGetHandleVerifier [0x0x1198883+2672035]\nE       \tGetHandleVerifier [0x0x1193cba+2652634]\nE       \tGetHandleVerifier [0x0xf42bca+223466]\nE       \tGetHandleVerifier [0x0xf32cb8+158168]\nE       \tGetHandleVerifier [0x0xf3978d+185517]\nE       \tGetHandleVerifier [0x0xf23b78+96408]\nE       \tGetHandleVerifier [0x0xf23d02+96802]\nE       \tGetHandleVerifier [0x0xf0e90a+9770]\nE       \tBaseThreadInitThunk [0x0x76b9fcc9+25]\nE       \tRtlGetAppContainerNamedObjectPath [0x0x773f82ae+286]\nE       \tRtlGetAppContainerNamedObjectPath [0x0x773f827e+238]\n\n..\\.venv\\Lib\\site-packages\\selenium\\webdriver\\support\\wait.py:138: TimeoutException"}, "description": "this test filters users", "steps": [{"name": "Open side menu flow , pass if already open", "status": "passed", "steps": [{"name": "Get attribute from element", "status": "passed", "parameters": [{"name": "elem", "value": "<selenium.webdriver.remote.webelement.WebElement (session=\"0aec39310dd404ff7d84f9f953231867\", element=\"f.A94A2658819DC89799F05309308E6DB4.d.B1DCC243F6E76BD2A0C603E585CEA6F1.e.272\")>"}, {"name": "attribute_name", "value": "'aria-label'"}], "start": 1753859453153, "stop": 1753859453220}, {"name": "Click on element", "status": "passed", "parameters": [{"name": "elem", "value": "<selenium.webdriver.remote.webelement.WebElement (session=\"0aec39310dd404ff7d84f9f953231867\", element=\"f.A94A2658819DC89799F05309308E6DB4.d.B1DCC243F6E76BD2A0C603E585CEA6F1.e.272\")>"}, {"name": "timeout", "value": "10"}], "start": 1753859453220, "stop": 1753859453546}], "start": 1753859453072, "stop": 1753859453546}, {"name": "Open page users flow, just click on the users tab on the menu", "status": "passed", "steps": [{"name": "Click on element", "status": "passed", "parameters": [{"name": "elem", "value": "<selenium.webdriver.remote.webelement.WebElement (session=\"0aec39310dd404ff7d84f9f953231867\", element=\"f.A94A2658819DC89799F05309308E6DB4.d.B1DCC243F6E76BD2A0C603E585CEA6F1.e.281\")>"}, {"name": "timeout", "value": "10"}], "start": 1753859453584, "stop": 1753859453761}], "start": 1753859453546, "stop": 1753859453761}, {"name": "Search user flow", "status": "passed", "steps": [{"name": "Clear text in element", "status": "passed", "parameters": [{"name": "elem", "value": "<selenium.webdriver.remote.webelement.WebElement (session=\"0aec39310dd404ff7d84f9f953231867\", element=\"f.A94A2658819DC89799F05309308E6DB4.d.B1DCC243F6E76BD2A0C603E585CEA6F1.e.294\")>"}], "start": 1753859453816, "stop": 1753859453837}, {"name": "Update text", "status": "passed", "parameters": [{"name": "elem", "value": "<selenium.webdriver.remote.webelement.WebElement (session=\"0aec39310dd404ff7d84f9f953231867\", element=\"f.A94A2658819DC89799F05309308E6DB4.d.B1DCC243F6E76BD2A0C603E585CEA6F1.e.294\")>"}, {"name": "value", "value": "'kuku'"}], "start": 1753859453846, "stop": 1753859453930}], "parameters": [{"name": "search_value", "value": "'kuku'"}], "start": 1753859453761, "stop": 1753859453930}, {"name": "Verify number of users flow", "status": "broken", "statusDetails": {"message": "selenium.common.exceptions.TimeoutException: Message: \nStacktrace:\n\tGetHandleVerifier [0x0xf1ba83+63395]\n\tGetHandleVerifier [0x0xf1bac4+63460]\n\t(No symbol) [0x0xd62113]\n\t(No symbol) [0x0xdaa85e]\n\t(No symbol) [0x0xdaabfb]\n\t(No symbol) [0x0xdf2f92]\n\t(No symbol) [0x0xdcf3f4]\n\t(No symbol) [0x0xdf07ba]\n\t(No symbol) [0x0xdcf1a6]\n\t(No symbol) [0x0xd9e7b2]\n\t(No symbol) [0x0xd9f654]\n\tGetHandleVerifier [0x0x1198883+2672035]\n\tGetHandleVerifier [0x0x1193cba+2652634]\n\tGetHandleVerifier [0x0xf42bca+223466]\n\tGetHandleVerifier [0x0xf32cb8+158168]\n\tGetHandleVerifier [0x0xf3978d+185517]\n\tGetHandleVerifier [0x0xf23b78+96408]\n\tGetHandleVerifier [0x0xf23d02+96802]\n\tGetHandleVerifier [0x0xf0e90a+9770]\n\tBaseThreadInitThunk [0x0x76b9fcc9+25]\n\tRtlGetAppContainerNamedObjectPath [0x0x773f82ae+286]\n\tRtlGetAppContainerNamedObjectPath [0x0x773f827e+238]\n\n", "trace": "  File \"C:\\Users\\asafb\\PycharmProjects\\test_automation_final_project\\.venv\\Lib\\site-packages\\allure_commons\\_allure.py\", line 202, in impl\n    return func(*a, **kw)\n  File \"C:\\Users\\asafb\\PycharmProjects\\test_automation_final_project\\workflows\\web_flows.py\", line 145, in verify_number_of_users\n    wait(For.ELEMENT_DISPLAYED, page_objects.web_objects.users_page.users_list)\n    ~~~~^^^^^^^^^^^^^^^^^^^^^^^^^^^^^^^^^^^^^^^^^^^^^^^^^^^^^^^^^^^^^^^^^^^^^^^\n  File \"C:\\Users\\asafb\\PycharmProjects\\test_automation_final_project\\utilities\\common_ops.py\", line 20, in wait\n    WebDriverWait(conf.driver, int(get_data(\"WaitTime\"))).until(EC.presence_of_element_located((elem[0], elem[1])))\n    ~~~~~~~~~~~~~~~~~~~~~~~~~~~~~~~~~~~~~~~~~~~~~~~~~~~~~~~~~~~^^^^^^^^^^^^^^^^^^^^^^^^^^^^^^^^^^^^^^^^^^^^^^^^^^^^\n  File \"C:\\Users\\asafb\\PycharmProjects\\test_automation_final_project\\.venv\\Lib\\site-packages\\selenium\\webdriver\\support\\wait.py\", line 138, in until\n    raise TimeoutException(message, screen, stacktrace)\n"}, "parameters": [{"name": "number", "value": "1"}], "start": 1753859455930, "stop": 1753859457937}], "attachments": [{"source": "090a5918-f88a-4ba7-a085-e5eab26bf593-attachment.png", "type": "image/png"}], "parameters": [{"name": "search_value", "value": "'kuku'"}, {"name": "expected_users", "value": "'1'"}], "start": 1753859453072, "stop": 1753859457941, "uuid": "a8e24070-a9e7-48b4-bb45-56319527e6c3", "historyId": "ba26f78b643dcec9699ed2db3b3e52e9", "testCaseId": "28d40b7d3b332b3990bd9c25b6981ed4", "fullName": "test_web.Test_Web#test_csv", "labels": [{"name": "suite", "value": "test_web"}, {"name": "subSuite", "value": "Test_Web"}, {"name": "host", "value": "DESKTOP-SJRRMI2"}, {"name": "thread", "value": "16832-MainThread"}, {"name": "framework", "value": "pytest"}, {"name": "language", "value": "cpython3"}, {"name": "package", "value": "test_web"}], "titlePath": ["test_web.py", "Test_Web"]}