{"name": "Test 04 - Filtering Users", "status": "broken", "statusDetails": {"message": "selenium.common.exceptions.TimeoutException: Message: \nStacktrace:\n\tGetHandleVerifier [0x0x125ba83+63395]\n\tGetHandleVerifier [0x0x125bac4+63460]\n\t(No symbol) [0x0x10a2113]\n\t(No symbol) [0x0x10ea85e]\n\t(No symbol) [0x0x10eabfb]\n\t(No symbol) [0x0x1132f92]\n\t(No symbol) [0x0x110f3f4]\n\t(No symbol) [0x0x11307ba]\n\t(No symbol) [0x0x110f1a6]\n\t(No symbol) [0x0x10de7b2]\n\t(No symbol) [0x0x10df654]\n\tGetHandleVerifier [0x0x14d8883+2672035]\n\tGetHandleVerifier [0x0x14d3cba+2652634]\n\tGetHandleVerifier [0x0x1282bca+223466]\n\tGetHandleVerifier [0x0x1272cb8+158168]\n\tGetHandleVerifier [0x0x127978d+185517]\n\tGetHandleVerifier [0x0x1263b78+96408]\n\tGetHandleVerifier [0x0x1263d02+96802]\n\tGetHandleVerifier [0x0x124e90a+9770]\n\tBaseThreadInitThunk [0x0x76b9fcc9+25]\n\tRtlGetAppContainerNamedObjectPath [0x0x773f82ae+286]\n\tRtlGetAppContainerNamedObjectPath [0x0x773f827e+238]", "trace": "self = <test_cases.test_web.Test_Web object at 0x000002760B614D10>, search_value = 'kuku', expected_users = '3'\n\n    @allure.title(\"Test 04 - Filtering Users\")\n    @allure.description(\"this test filters users\")\n    @pytest.mark.parametrize(\"search_value,expected_users\",web_flows.testdata)\n    def test_csv(self,search_value,expected_users):\n        WebFlows.open_side_menu()\n        WebFlows.page_open_users()\n        WebFlows.search_user(search_value)\n        time.sleep(2)\n>       WebFlows.verify_number_of_users(int(expected_users))\n\ntest_web.py:47: \n_ _ _ _ _ _ _ _ _ _ _ _ _ _ _ _ _ _ _ _ _ _ _ _ _ _ _ _ _ _ _ _ _ _ _ _ _ _ _ _ _ _ _ _ _ _ _ _ _ _ _ _ _ _ _ _ _ _ _ _ _ _ _ _ _ _ _ _ _ _ _ _ _ _ _ _ \n..\\workflows\\web_flows.py:145: in verify_number_of_users\n    wait(For.ELEMENT_DISPLAYED, page_objects.web_objects.users_page.users_list)\n..\\utilities\\common_ops.py:20: in wait\n    WebDriverWait(conf.driver, int(get_data(\"WaitTime\"))).until(EC.presence_of_element_located((elem[0], elem[1])))\n_ _ _ _ _ _ _ _ _ _ _ _ _ _ _ _ _ _ _ _ _ _ _ _ _ _ _ _ _ _ _ _ _ _ _ _ _ _ _ _ _ _ _ _ _ _ _ _ _ _ _ _ _ _ _ _ _ _ _ _ _ _ _ _ _ _ _ _ _ _ _ _ _ _ _ _ \n\nself = <selenium.webdriver.support.wait.WebDriverWait (session=\"ac5b417b99fee1e6373e24afc5e1c5df\")>\nmethod = <function presence_of_element_located.<locals>._predicate at 0x000002760B6676A0>, message = ''\n\n    def until(self, method: Callable[[D], Union[Literal[False], T]], message: str = \"\") -> T:\n        \"\"\"Wait until the method returns a value that is not False.\n    \n        Calls the method provided with the driver as an argument until the\n        return value does not evaluate to ``False``.\n    \n        Parameters:\n        -----------\n        method: callable(WebDriver)\n            - A callable object that takes a WebDriver instance as an argument.\n    \n        message: str\n            - Optional message for :exc:`TimeoutException`\n    \n        Return:\n        -------\n        object: T\n            - The result of the last call to `method`\n    \n        Raises:\n        -------\n        TimeoutException\n            - If 'method' does not return a truthy value within the WebDriverWait\n            object's timeout\n    \n        Example:\n        --------\n        >>> from selenium.webdriver.common.by import By\n        >>> from selenium.webdriver.support.ui import WebDriverWait\n        >>> from selenium.webdriver.support import expected_conditions as EC\n    \n        # Wait until an element is visible on the page\n        >>> wait = WebDriverWait(driver, 10)\n        >>> element = wait.until(EC.visibility_of_element_located((By.ID, \"exampleId\")))\n        >>> print(element.text)\n        \"\"\"\n        screen = None\n        stacktrace = None\n    \n        end_time = time.monotonic() + self._timeout\n        while True:\n            try:\n                value = method(self._driver)\n                if value:\n                    return value\n            except self._ignored_exceptions as exc:\n                screen = getattr(exc, \"screen\", None)\n                stacktrace = getattr(exc, \"stacktrace\", None)\n            if time.monotonic() > end_time:\n                break\n            time.sleep(self._poll)\n>       raise TimeoutException(message, screen, stacktrace)\nE       selenium.common.exceptions.TimeoutException: Message: \nE       Stacktrace:\nE       \tGetHandleVerifier [0x0x125ba83+63395]\nE       \tGetHandleVerifier [0x0x125bac4+63460]\nE       \t(No symbol) [0x0x10a2113]\nE       \t(No symbol) [0x0x10ea85e]\nE       \t(No symbol) [0x0x10eabfb]\nE       \t(No symbol) [0x0x1132f92]\nE       \t(No symbol) [0x0x110f3f4]\nE       \t(No symbol) [0x0x11307ba]\nE       \t(No symbol) [0x0x110f1a6]\nE       \t(No symbol) [0x0x10de7b2]\nE       \t(No symbol) [0x0x10df654]\nE       \tGetHandleVerifier [0x0x14d8883+2672035]\nE       \tGetHandleVerifier [0x0x14d3cba+2652634]\nE       \tGetHandleVerifier [0x0x1282bca+223466]\nE       \tGetHandleVerifier [0x0x1272cb8+158168]\nE       \tGetHandleVerifier [0x0x127978d+185517]\nE       \tGetHandleVerifier [0x0x1263b78+96408]\nE       \tGetHandleVerifier [0x0x1263d02+96802]\nE       \tGetHandleVerifier [0x0x124e90a+9770]\nE       \tBaseThreadInitThunk [0x0x76b9fcc9+25]\nE       \tRtlGetAppContainerNamedObjectPath [0x0x773f82ae+286]\nE       \tRtlGetAppContainerNamedObjectPath [0x0x773f827e+238]\n\n..\\.venv\\Lib\\site-packages\\selenium\\webdriver\\support\\wait.py:138: TimeoutException"}, "description": "this test filters users", "steps": [{"name": "Open side menu flow , pass if already open", "status": "passed", "steps": [{"name": "Get attribute from element", "status": "passed", "parameters": [{"name": "elem", "value": "<selenium.webdriver.remote.webelement.WebElement (session=\"ac5b417b99fee1e6373e24afc5e1c5df\", element=\"f.FFBFB5F752CF37D6672FACD1092379D1.d.C1C0E767D00A8218C948A55CDFDA5C9B.e.267\")>"}, {"name": "attribute_name", "value": "'aria-label'"}], "start": 1753858631817, "stop": 1753858631862}, {"name": "Click on element", "status": "passed", "parameters": [{"name": "elem", "value": "<selenium.webdriver.remote.webelement.WebElement (session=\"ac5b417b99fee1e6373e24afc5e1c5df\", element=\"f.FFBFB5F752CF37D6672FACD1092379D1.d.C1C0E767D00A8218C948A55CDFDA5C9B.e.267\")>"}, {"name": "timeout", "value": "10"}], "start": 1753858631863, "stop": 1753858632109}], "start": 1753858631698, "stop": 1753858632109}, {"name": "Open page users flow, just click on the users tab on the menu", "status": "passed", "steps": [{"name": "Click on element", "status": "passed", "parameters": [{"name": "elem", "value": "<selenium.webdriver.remote.webelement.WebElement (session=\"ac5b417b99fee1e6373e24afc5e1c5df\", element=\"f.FFBFB5F752CF37D6672FACD1092379D1.d.C1C0E767D00A8218C948A55CDFDA5C9B.e.278\")>"}, {"name": "timeout", "value": "10"}], "start": 1753858632154, "stop": 1753858632453}], "start": 1753858632109, "stop": 1753858632453}, {"name": "Search user flow", "status": "passed", "steps": [{"name": "Clear text in element", "status": "passed", "parameters": [{"name": "elem", "value": "<selenium.webdriver.remote.webelement.WebElement (session=\"ac5b417b99fee1e6373e24afc5e1c5df\", element=\"f.FFBFB5F752CF37D6672FACD1092379D1.d.C1C0E767D00A8218C948A55CDFDA5C9B.e.291\")>"}], "start": 1753858632546, "stop": 1753858632590}, {"name": "Update text", "status": "passed", "parameters": [{"name": "elem", "value": "<selenium.webdriver.remote.webelement.WebElement (session=\"ac5b417b99fee1e6373e24afc5e1c5df\", element=\"f.FFBFB5F752CF37D6672FACD1092379D1.d.C1C0E767D00A8218C948A55CDFDA5C9B.e.291\")>"}, {"name": "value", "value": "'kuku'"}], "start": 1753858632606, "stop": 1753858632684}], "parameters": [{"name": "search_value", "value": "'kuku'"}], "start": 1753858632453, "stop": 1753858632684}, {"name": "Verify number of users flow", "status": "broken", "statusDetails": {"message": "selenium.common.exceptions.TimeoutException: Message: \nStacktrace:\n\tGetHandleVerifier [0x0x125ba83+63395]\n\tGetHandleVerifier [0x0x125bac4+63460]\n\t(No symbol) [0x0x10a2113]\n\t(No symbol) [0x0x10ea85e]\n\t(No symbol) [0x0x10eabfb]\n\t(No symbol) [0x0x1132f92]\n\t(No symbol) [0x0x110f3f4]\n\t(No symbol) [0x0x11307ba]\n\t(No symbol) [0x0x110f1a6]\n\t(No symbol) [0x0x10de7b2]\n\t(No symbol) [0x0x10df654]\n\tGetHandleVerifier [0x0x14d8883+2672035]\n\tGetHandleVerifier [0x0x14d3cba+2652634]\n\tGetHandleVerifier [0x0x1282bca+223466]\n\tGetHandleVerifier [0x0x1272cb8+158168]\n\tGetHandleVerifier [0x0x127978d+185517]\n\tGetHandleVerifier [0x0x1263b78+96408]\n\tGetHandleVerifier [0x0x1263d02+96802]\n\tGetHandleVerifier [0x0x124e90a+9770]\n\tBaseThreadInitThunk [0x0x76b9fcc9+25]\n\tRtlGetAppContainerNamedObjectPath [0x0x773f82ae+286]\n\tRtlGetAppContainerNamedObjectPath [0x0x773f827e+238]\n\n", "trace": "  File \"C:\\Users\\asafb\\PycharmProjects\\test_automation_final_project\\.venv\\Lib\\site-packages\\allure_commons\\_allure.py\", line 202, in impl\n    return func(*a, **kw)\n  File \"C:\\Users\\asafb\\PycharmProjects\\test_automation_final_project\\workflows\\web_flows.py\", line 145, in verify_number_of_users\n    wait(For.ELEMENT_DISPLAYED, page_objects.web_objects.users_page.users_list)\n    ~~~~^^^^^^^^^^^^^^^^^^^^^^^^^^^^^^^^^^^^^^^^^^^^^^^^^^^^^^^^^^^^^^^^^^^^^^^\n  File \"C:\\Users\\asafb\\PycharmProjects\\test_automation_final_project\\utilities\\common_ops.py\", line 20, in wait\n    WebDriverWait(conf.driver, int(get_data(\"WaitTime\"))).until(EC.presence_of_element_located((elem[0], elem[1])))\n    ~~~~~~~~~~~~~~~~~~~~~~~~~~~~~~~~~~~~~~~~~~~~~~~~~~~~~~~~~~~^^^^^^^^^^^^^^^^^^^^^^^^^^^^^^^^^^^^^^^^^^^^^^^^^^^^\n  File \"C:\\Users\\asafb\\PycharmProjects\\test_automation_final_project\\.venv\\Lib\\site-packages\\selenium\\webdriver\\support\\wait.py\", line 138, in until\n    raise TimeoutException(message, screen, stacktrace)\n"}, "parameters": [{"name": "number", "value": "3"}], "start": 1753858634685, "stop": 1753858636755}], "attachments": [{"source": "30cb1627-9083-4618-b608-bdf48dacd568-attachment.png", "type": "image/png"}], "parameters": [{"name": "search_value", "value": "'kuku'"}, {"name": "expected_users", "value": "'3'"}], "start": 1753858631698, "stop": 1753858636807, "uuid": "45afeaa9-8974-4a45-b887-160683adabbe", "historyId": "494a22578b43713b92d3e731b5fc592b", "testCaseId": "28d40b7d3b332b3990bd9c25b6981ed4", "fullName": "test_web.Test_Web#test_csv", "labels": [{"name": "suite", "value": "test_web"}, {"name": "subSuite", "value": "Test_Web"}, {"name": "host", "value": "DESKTOP-SJRRMI2"}, {"name": "thread", "value": "7388-MainThread"}, {"name": "framework", "value": "pytest"}, {"name": "language", "value": "cpython3"}, {"name": "package", "value": "test_web"}], "titlePath": ["test_web.py", "Test_Web"]}